0 info it worked if it ends with ok
1 verbose cli [ 'node', '/usr/bin/npm', 'start' ]
2 info using npm@1.4.26
3 info using node@v0.10.31
4 error Failed to parse json
4 error Unexpected token }
5 error File: /mnt/Work/code/bettiolo-gh/node-federated-login/package.json
6 error Failed to parse package.json data.
6 error package.json must be actual JSON, not just JavaScript.
6 error
6 error This is not a bug in npm.
6 error Tell the package author to fix their package.json file. JSON.parse
7 error System Linux 3.16.1-1-ARCH
8 error command "node" "/usr/bin/npm" "start"
9 error cwd /mnt/Work/code/bettiolo-gh/node-federated-login
10 error node -v v0.10.31
11 error npm -v 1.4.26
12 error file /mnt/Work/code/bettiolo-gh/node-federated-login/package.json
13 error code EJSONPARSE
14 verbose exit [ 1, true ]
